*******************************************************************************
data_vector_length(32) output_vector_length(4) random_dv(0) swapped(0) col_order(0) interleave(0) map([])
	Sync is at 25. Simulating for 1124 cycles. Output sync at 233, ran for 663 cycles.
	PASS
*******************************************************************************
*******************************************************************************
data_vector_length(32) output_vector_length(4) random_dv(0) swapped(1) col_order(0) interleave(0) map([])
	Sync is at 41. Simulating for 1188 cycles. Output sync at 249, ran for 727 cycles.
	PASS
*******************************************************************************
*******************************************************************************
data_vector_length(32) output_vector_length(4) random_dv(0) swapped(0) col_order(1) interleave(4) map([])
	Sync is at 8. Simulating for 1056 cycles. Output sync at 216, ran for 595 cycles.
	PASS
*******************************************************************************
*******************************************************************************
data_vector_length(32) output_vector_length(4) random_dv(0) swapped(0) col_order(1) interleave(8) map([])
	Sync is at 22. Simulating for 1112 cycles. Output sync at 230, ran for 651 cycles.
	PASS
*******************************************************************************
*******************************************************************************
data_vector_length(32) output_vector_length(4) random_dv(0) swapped(0) col_order(1) interleave(16) map([])
	Sync is at 46. Simulating for 1208 cycles. Output sync at 254, ran for 747 cycles.
	PASS
*******************************************************************************
*******************************************************************************
data_vector_length(32) output_vector_length(4) random_dv(0) swapped(1) col_order(1) interleave(4) map([])
	Sync is at 40. Simulating for 1184 cycles. Output sync at 248, ran for 723 cycles.
	PASS
*******************************************************************************
*******************************************************************************
data_vector_length(32) output_vector_length(4) random_dv(0) swapped(1) col_order(1) interleave(8) map([])
	Sync is at 48. Simulating for 1216 cycles. Output sync at 256, ran for 755 cycles.
	PASS
*******************************************************************************
*******************************************************************************
data_vector_length(32) output_vector_length(4) random_dv(0) swapped(1) col_order(1) interleave(16) map([])
	Sync is at 33. Simulating for 1156 cycles. Output sync at 241, ran for 695 cycles.
	PASS
*******************************************************************************
*******************************************************************************
data_vector_length(32) output_vector_length(4) random_dv(0) swapped(0) col_order(2) interleave(0) map([11  19   1  13  14   9  24  30  12  17  21   7  20  26  25  27  32   8   4  31  16  10  28   6  29   5  22  23  15   2   3  18])
	Sync is at 9. Simulating for 1060 cycles. Output sync at 217, ran for 599 cycles.
	PASS
*******************************************************************************
*******************************************************************************
data_vector_length(32) output_vector_length(4) random_dv(0) swapped(1) col_order(2) interleave(0) map([1  14  15  23   6  20  24  18   8  16  32   4  22  27  26   2   9  13  30  29   5  25  10   7  19  28  17  11  31  21  12   3])
	Sync is at 38. Simulating for 1176 cycles. Output sync at 246, ran for 715 cycles.
	PASS
*******************************************************************************
